------------------ Log start ------------------
2016-09-19 12:09:14 INFO - Build : DataTableBuilder.ini
2016-09-19 12:09:14 DEBUG - {"Project":"Health - Gammbler", "Version":"1.1.1", "Date":"2016/09/03", "Desc":"<<<< Resource ID Configuration information >>>>>"}
2016-09-19 12:09:14 INFO - ReadCSV : csv_Data/MessageTable.csv
2016-09-19 12:09:14 INFO - ReadCSV : csv_Data/SecureInfo.csv
2016-09-19 12:09:14 INFO - ReadCSV : csv_Data/TestData_Builder.csv
2016-09-19 12:09:14 INFO - ReadCSV : csv_Data/TestData_Use.csv
2016-09-19 12:09:14 INFO -  - BuildLoadFunction
2016-09-19 12:09:14 INFO -  - BuildTableClass
2016-09-19 12:09:14 INFO -  - BuildMembers
2016-09-19 12:09:14 INFO -  - BuildEnumeration
2016-09-19 12:09:14 INFO -  - BuildMembers
2016-09-19 12:09:14 INFO -  - BuildEnumeration
2016-09-19 12:09:14 INFO -  - BuildMembers
2016-09-19 12:09:14 INFO -  - BuildMembers
2016-09-19 12:09:14 INFO -  - BuildEnumeration
2016-09-19 12:09:14 INFO -  - BuildTableClass
2016-09-19 12:09:14 INFO -  - BuildMembers
2016-09-19 12:09:14 INFO -  - BuildEnumeration
2016-09-19 12:09:14 INFO -  - BuildMembers
2016-09-19 12:09:14 INFO -  - BuildTableClass
2016-09-19 12:09:14 INFO -  - BuildMembers
2016-09-19 12:09:14 INFO -  - BuildEnumeration
2016-09-19 12:09:14 INFO -  - BuildMembers
2016-09-19 12:09:14 INFO -  - BuildEnumeration
2016-09-19 12:09:14 INFO -  - BuildTableClass
2016-09-19 12:09:14 INFO -  - BuildMembers
2016-09-19 12:09:14 INFO - Write Build Script : ..\Unity3D\Assets\Resources\DataTableR.cs
2016-09-19 12:09:14 INFO - Build complete !!!!
