------------------ Log start ------------------
2016-09-04 20:50:43 INFO - Build : DataTableBuilder.ini
2016-09-04 20:50:43 DEBUG - {"Project":"Sharper - Gammbler", "Version":"1.1.1", "Date":"2016/09/03", "Desc":"<<<< Resource ID Configuration information >>>>>"}
2016-09-04 20:50:43 INFO - ReadCSV : csv_Data/MessageTable.csv
2016-09-04 20:50:43 INFO - ReadCSV : csv_Data/SecureInfo.csv
2016-09-04 20:50:43 INFO - ReadCSV : csv_Data/TestData_Builder.csv
2016-09-04 20:50:43 INFO - ReadCSV : csv_Data/TestData_Use.csv
2016-09-04 20:50:43 INFO -  - BuildLoadFunction
2016-09-04 20:50:43 INFO -  - BuildTableClass
2016-09-04 20:50:43 INFO -  - BuildMembers
2016-09-04 20:50:43 INFO -  - BuildEnumeration
2016-09-04 20:50:43 INFO -  - BuildTableClass
2016-09-04 20:50:43 INFO -  - BuildMembers
2016-09-04 20:50:43 INFO -  - BuildEnumeration
2016-09-04 20:50:43 INFO -  - BuildMembers
2016-09-04 20:50:43 INFO -  - BuildTableClass
2016-09-04 20:50:43 INFO -  - BuildMembers
2016-09-04 20:50:43 INFO -  - BuildEnumeration
2016-09-04 20:50:43 INFO -  - BuildMembers
2016-09-04 20:50:43 INFO -  - BuildEnumeration
2016-09-04 20:50:43 INFO -  - BuildTableClass
2016-09-04 20:50:43 INFO -  - BuildMembers
2016-09-04 20:50:43 INFO - Write Build Script : ..\Assets\Scripts\FrameWork\Resource\DataTableR.cs
2016-09-04 20:50:43 INFO - Build complete !!!!
